<?xml version="1.0" encoding="UTF-8"?>
<!-- Generated by org.testng.reporters.JUnitReportReporter -->
<testsuite skipped="0" hostname="LP-5CD911D3P5" name="com.mercury.tours.HdfcNet_Banking" tests="1" failures="0" timestamp="2019-12-24T14:10:25 IST" time="10.291" errors="0">
  <testcase name="signOn" time="10.291" classname="com.mercury.tours.HdfcNet_Banking"/>
</testsuite> <!-- com.mercury.tours.HdfcNet_Banking -->
