<?xml version="1.0" encoding="UTF-8"?>
<!-- Generated by org.testng.reporters.JUnitReportReporter -->
<testsuite skipped="0" hostname="LP-5CD911D3P5" name="com.mercury.tours.SignOn_InternetExplorer_Example" tests="1" failures="0" timestamp="2019-12-25T14:30:51 IST" time="35.576" errors="0">
  <testcase name="login" time="35.576" classname="com.mercury.tours.SignOn_InternetExplorer_Example"/>
</testsuite> <!-- com.mercury.tours.SignOn_InternetExplorer_Example -->
