<?xml version="1.0" encoding="UTF-8"?>
<!-- Generated by org.testng.reporters.JUnitReportReporter -->
<testsuite skipped="0" hostname="LP-5CD911D3P5" name="com.mercury.tours.Radio_Btn_example" tests="1" failures="0" timestamp="2019-12-24T11:42:54 IST" time="26.021" errors="0">
  <testcase name="signOn" time="26.021" classname="com.mercury.tours.Radio_Btn_example"/>
</testsuite> <!-- com.mercury.tours.Radio_Btn_example -->
