<?xml version="1.0" encoding="UTF-8"?>
<!-- Generated by org.testng.reporters.JUnitReportReporter -->
<testsuite skipped="0" hostname="LP-5CD911D3P5" name="com.mercury.tours.Sign_On_GetText_Example" tests="1" failures="0" timestamp="2019-12-24T10:18:48 IST" time="18.217" errors="0">
  <testcase name="signOn" time="18.217" classname="com.mercury.tours.Sign_On_GetText_Example"/>
</testsuite> <!-- com.mercury.tours.Sign_On_GetText_Example -->
