<?xml version="1.0" encoding="UTF-8"?>
<!-- Generated by org.testng.reporters.JUnitReportReporter -->
<testsuite skipped="0" hostname="LP-5CD911D3P5" name="com.mercury.tours.CrossBrowser_Example" tests="3" failures="0" timestamp="2019-12-25T15:50:15 IST" time="131.312" errors="0">
  <testcase name="login" time="39.364" classname="com.mercury.tours.CrossBrowser_Example"/>
  <testcase name="login" time="39.400" classname="com.mercury.tours.CrossBrowser_Example"/>
  <testcase name="login" time="52.548" classname="com.mercury.tours.CrossBrowser_Example"/>
</testsuite> <!-- com.mercury.tours.CrossBrowser_Example -->
