<?xml version="1.0" encoding="UTF-8"?>
<!-- Generated by org.testng.reporters.JUnitReportReporter -->
<testsuite skipped="0" hostname="LP-5CD911D3P5" name="com.mercury.tours.Following_Preceeding_Sibling_Example" tests="1" failures="0" timestamp="2019-12-24T14:49:56 IST" time="8.693" errors="0">
  <testcase name="signOn" time="8.693" classname="com.mercury.tours.Following_Preceeding_Sibling_Example"/>
</testsuite> <!-- com.mercury.tours.Following_Preceeding_Sibling_Example -->
