<?xml version="1.0" encoding="UTF-8"?>
<!-- Generated by org.testng.reporters.JUnitReportReporter -->
<testsuite skipped="0" hostname="LP-5CD911D3P5" name="com.mercury.tours.Dropdown_Example" tests="1" failures="0" timestamp="2019-12-25T16:20:49 IST" time="95.039" errors="0">
  <testcase name="signOn" time="95.039" classname="com.mercury.tours.Dropdown_Example"/>
</testsuite> <!-- com.mercury.tours.Dropdown_Example -->
