<?xml version="1.0" encoding="UTF-8"?>
<!-- Generated by org.testng.reporters.JUnitReportReporter -->
<testsuite skipped="0" hostname="LP-5CD911D3P5" name="com.mercury.tours.BatchExecution_Smoke" tests="1" failures="0" timestamp="2019-12-25T16:20:49 IST" time="0.000" errors="0">
  <testcase name="testSuite" time="0.000" classname="com.mercury.tours.BatchExecution_Smoke"/>
</testsuite> <!-- com.mercury.tours.BatchExecution_Smoke -->
