<?xml version="1.0" encoding="UTF-8"?>
<!-- Generated by org.testng.reporters.JUnitReportReporter -->
<testsuite skipped="0" hostname="LP-5CD911D3P5" name="com.mercury.tours.Headless_Browser" tests="1" failures="0" timestamp="2019-12-23T17:46:46 IST" time="86.097" errors="0">
  <testcase name="signOn" time="86.097" classname="com.mercury.tours.Headless_Browser"/>
</testsuite> <!-- com.mercury.tours.Headless_Browser -->
