<?xml version="1.0" encoding="UTF-8"?>
<!-- Generated by org.testng.reporters.JUnitReportReporter -->
<testsuite skipped="0" hostname="LP-5CD911D3P5" name="com.mercury.tours.HdfcNet_Banking_HandleWindowAlert" tests="1" failures="0" timestamp="2019-12-25T16:20:49 IST" time="8.232" errors="0">
  <testcase name="signOn" time="8.232" classname="com.mercury.tours.HdfcNet_Banking_HandleWindowAlert"/>
</testsuite> <!-- com.mercury.tours.HdfcNet_Banking_HandleWindowAlert -->
