<?xml version="1.0" encoding="UTF-8"?>
<!-- Generated by org.testng.reporters.JUnitReportReporter -->
<testsuite skipped="0" hostname="LP-5CD911D3P5" name="com.mercury.tours.Sign_On_Read_Properties_File" tests="3" failures="0" timestamp="2019-12-26T15:24:41 IST" time="66.599" errors="0">
  <testcase name="signOn" time="21.477" classname="com.mercury.tours.Sign_On_Read_Properties_File"/>
  <testcase name="signOn" time="21.827" classname="com.mercury.tours.Sign_On_Read_Properties_File"/>
  <testcase name="signOn" time="23.295" classname="com.mercury.tours.Sign_On_Read_Properties_File"/>
</testsuite> <!-- com.mercury.tours.Sign_On_Read_Properties_File -->
