<?xml version="1.0" encoding="UTF-8"?>
<!-- Generated by org.testng.reporters.JUnitReportReporter -->
<testsuite skipped="0" hostname="LP-5CD911D3P5" name="com.mercury.tours.Mercury_Sign_On_TestNG_Class" tests="1" failures="0" timestamp="2019-12-23T17:36:35 IST" time="69.569" errors="0">
  <testcase name="signOn" time="69.569" classname="com.mercury.tours.Mercury_Sign_On_TestNG_Class"/>
</testsuite> <!-- com.mercury.tours.Mercury_Sign_On_TestNG_Class -->
