<?xml version="1.0" encoding="UTF-8"?>
<!-- Generated by org.testng.reporters.JUnitReportReporter -->
<testsuite skipped="0" hostname="LP-5CD911D3P5" name="com.mercury.tours.Google_Links_Example" tests="1" failures="0" timestamp="2019-12-25T10:40:50 IST" time="59.706" errors="0">
  <testcase name="signOn" time="59.706" classname="com.mercury.tours.Google_Links_Example"/>
</testsuite> <!-- com.mercury.tours.Google_Links_Example -->
