<?xml version="1.0" encoding="UTF-8"?>
<!-- Generated by org.testng.reporters.JUnitReportReporter -->
<testsuite skipped="0" hostname="LP-5CD911D3P5" name="com.mercury.tours.LoginPage_Example_UsingDataProvider" tests="3" failures="0" timestamp="2019-12-25T11:25:40 IST" time="91.871" errors="0">
  <testcase name="signOn" time="31.118" classname="com.mercury.tours.LoginPage_Example_UsingDataProvider"/>
  <testcase name="signOn" time="30.293" classname="com.mercury.tours.LoginPage_Example_UsingDataProvider"/>
  <testcase name="signOn" time="30.460" classname="com.mercury.tours.LoginPage_Example_UsingDataProvider"/>
</testsuite> <!-- com.mercury.tours.LoginPage_Example_UsingDataProvider -->
