<?xml version="1.0" encoding="UTF-8"?>
<!-- Generated by org.testng.reporters.JUnitReportReporter -->
<testsuite skipped="0" hostname="LP-5CD911D3P5" name="com.mercury.tours.LoginPage_ReadDataFromExcel_Xls" tests="3" failures="0" timestamp="2019-12-26T14:41:00 IST" time="29.094" errors="0">
  <testcase name="signOn" time="9.832" classname="com.mercury.tours.LoginPage_ReadDataFromExcel_Xls"/>
  <testcase name="signOn" time="9.328" classname="com.mercury.tours.LoginPage_ReadDataFromExcel_Xls"/>
  <testcase name="signOn" time="9.934" classname="com.mercury.tours.LoginPage_ReadDataFromExcel_Xls"/>
</testsuite> <!-- com.mercury.tours.LoginPage_ReadDataFromExcel_Xls -->
